1593825378179	mozrunner::runner	INFO	Running command: "/usr/bin/firefox" "-marionette" "-foreground" "-no-remote" "-profile" "/tmp/rust_mozprofilev9pPaS"
1593825396897	Marionette	INFO	Listening on port 36687
1593825396938	Marionette	WARN	TLS certificate errors will be ignored for this session
JavaScript error: https://inventwithpython.com/js/bootstrap.min.js, line 7: Error: Bootstrap tooltips require Tether (http://tether.io/)
1593826843311	mozrunner::runner	INFO	Running command: "/usr/bin/firefox" "-marionette" "-foreground" "-no-remote" "-profile" "/tmp/rust_mozprofilelYon68"
1593826857243	Marionette	INFO	Listening on port 46615
1593826857314	Marionette	WARN	TLS certificate errors will be ignored for this session
JavaScript error: https://inventwithpython.com/js/bootstrap.min.js, line 7: Error: Bootstrap tooltips require Tether (http://tether.io/)
console.error: "Store does not have a valid reducer. Make sure the argument passed to combineReducers is an object whose values are reducers."
1593826999143	mozrunner::runner	INFO	Running command: "/usr/bin/firefox" "-marionette" "-foreground" "-no-remote" "-profile" "/tmp/rust_mozprofile4hzmWy"
1593827006647	Marionette	INFO	Listening on port 40743
1593827006663	Marionette	WARN	TLS certificate errors will be ignored for this session
JavaScript error: https://inventwithpython.com/js/bootstrap.min.js, line 7: Error: Bootstrap tooltips require Tether (http://tether.io/)
JavaScript error: , line 0: uncaught exception: Object

###!!! [Child][MessageChannel] Error: (msgtype=0x6B0029,name=PNecko::Msg_RemoveRequestContext) Channel closing: too late to send/recv, messages will be lost

1593830147218	mozrunner::runner	INFO	Running command: "/usr/bin/firefox" "-marionette" "-foreground" "-no-remote" "-profile" "/tmp/rust_mozprofileEaEJ5p"
1593830155746	Marionette	INFO	Listening on port 34583
1593830155760	Marionette	WARN	TLS certificate errors will be ignored for this session
JavaScript error: https://inventwithpython.com/js/bootstrap.min.js, line 7: Error: Bootstrap tooltips require Tether (http://tether.io/)
1593830270575	Marionette	INFO	Stopped listening on port 34583
1593830285621	Marionette	INFO	Stopped listening on port 40743
1593830308145	Marionette	INFO	Stopped listening on port 46615
1593830325558	Marionette	INFO	Stopped listening on port 36687
